#
# A fatal error has been detected by the Java Runtime Environment:
#
#  EXCEPTION_ACCESS_VIOLATION (0xc0000005) at pc=0x000000007744e4e4, pid=4344, tid=856
#
# JRE version: Java(TM) SE Runtime Environment (8.0_05-b13) (build 1.8.0_05-b13)
# Java VM: Java HotSpot(TM) 64-Bit Server VM (25.5-b02 mixed mode windows-amd64 compressed oops)
# Problematic frame:
# C  [ntdll.dll+0x4e4e4]
#
# Failed to write core dump. Minidumps are not enabled by default on client versions of Windows
#
# If you would like to submit a bug report, please visit:
#   http://bugreport.sun.com/bugreport/crash.jsp
# The crash happened outside the Java Virtual Machine in native code.
# See problematic frame for where to report the bug.
#

---------------  T H R E A D  ---------------

Current thread (0x000000005d0f8800):  JavaThread "pool-3-thread-1" [_thread_in_native, id=856, stack(0x0000000061e40000,0x0000000061f40000)]

siginfo: ExceptionCode=0xc0000005, writing address 0x0000000000000024

Registers:
RAX=0x0000000000000000, RBX=0x00000000003cf6a8, RCX=0x00000000fffffffc, RDX=0x000000000000082c
RSP=0x0000000061f3e5d0, RBP=0x0000000000000000, RSI=0x000000000000082c, RDI=0x0000000000000000
R8 =0x0000000061f3e588, R9 =0x0000000000000004, R10=0x0000000000000000, R11=0x0000000000000246
R12=0x0000000000000000, R13=0x0000000000000000, R14=0x000007fffff6c000, R15=0x0000000000000000
RIP=0x000000007744e4e4, EFLAGS=0x0000000000010213

Top of Stack: (sp=0x0000000061f3e5d0)
0x0000000061f3e5d0:   00000000000003d8 000000000000082c
0x0000000061f3e5e0:   000000005d0f89e0 0000000059cd28e8
0x0000000061f3e5f0:   0000000002141270 000000005f1aaee0
0x0000000061f3e600:   000000005d0f8800 0000000000000000
0x0000000061f3e610:   58563fd95d0f8800 000000005e926460
0x0000000061f3e620:   000000005d0f8800 0000000002dcd1e0
0x0000000061f3e630:   000000000037eb80 0000000000000000
0x0000000061f3e640:   00000000670977f1 00000000612b5398
0x0000000061f3e650:   000000005d0f8800 0000000061f3eed8
0x0000000061f3e660:   0000000000000004 0000000000000001
0x0000000061f3e670:   00000000ff000000 000000007744e40b
0x0000000061f3e680:   0000000000000000 0000000000000000
0x0000000061f3e690:   000000005e929228 00000000003cf6a8
0x0000000061f3e6a0:   00000000003cf630 0000000067089935
0x0000000061f3e6b0:   0000000061f3e770 00000000003cf6a0
0x0000000061f3e6c0:   0000000000000760 000000005d0f8800 

Instructions: (pc=0x000000007744e4e4)
0x000000007744e4c4:   0f b1 4b 08 0f 85 9b 47 fd ff 48 8b 03 4c 89 ac
0x000000007744e4d4:   24 c0 00 00 00 33 ed 45 33 ed 48 83 f8 ff 74 03
0x000000007744e4e4:   ff 40 24 ba 22 17 00 00 48 8d 3d 9d 8f 0e 00 80
0x000000007744e4f4:   3c 25 82 03 fe 7f 00 0f 85 b3 bd 01 00 48 83 fe 


Register to memory mapping:

RAX=0x0000000000000000 is an unknown value
RBX=0x00000000003cf6a8 is an unknown value
RCX=0x00000000fffffffc is an unallocated location in the heap
RDX=0x000000000000082c is an unknown value
RSP=0x0000000061f3e5d0 is pointing into the stack for thread: 0x000000005d0f8800
RBP=0x0000000000000000 is an unknown value
RSI=0x000000000000082c is an unknown value
RDI=0x0000000000000000 is an unknown value
R8 =0x0000000061f3e588 is pointing into the stack for thread: 0x000000005d0f8800
R9 =0x0000000000000004 is an unknown value
R10=0x0000000000000000 is an unknown value
R11=0x0000000000000246 is an unknown value
R12=0x0000000000000000 is an unknown value
R13=0x0000000000000000 is an unknown value
R14=0x000007fffff6c000 is an unknown value
R15=0x0000000000000000 is an unknown value


Stack: [0x0000000061e40000,0x0000000061f40000],  sp=0x0000000061f3e5d0,  free space=1017k
Native frames: (J=compiled Java code, j=interpreted, Vv=VM code, C=native code)

Java frames: (J=compiled Java code, j=interpreted, Vv=VM code)
j  com.sun.jna.Native.invokeLong(JI[Ljava/lang/Object;)J+0
j  com.sun.jna.Function.invoke([Ljava/lang/Object;Ljava/lang/Class;Z)Ljava/lang/Object;+389
j  com.sun.jna.Function.invoke(Ljava/lang/Class;[Ljava/lang/Object;Ljava/util/Map;)Ljava/lang/Object;+214
j  com.sun.jna.Library$Handler.invoke(Ljava/lang/Object;Ljava/lang/reflect/Method;[Ljava/lang/Object;)Ljava/lang/Object;+341
j  com.sun.proxy.$Proxy0.libvlc_media_player_get_time(Luk/co/caprica/vlcj/binding/internal/libvlc_media_player_t;)J+16
j  uk.co.caprica.vlcj.player.DefaultMediaPlayer.getTime()J+17
j  uk.co.caprica.vlcj.test.basic.PlayerControlsPanel$UpdateRunnable.run()V+4
j  java.util.concurrent.Executors$RunnableAdapter.call()Ljava/lang/Object;+4
j  java.util.concurrent.FutureTask.runAndReset()Z+47
j  java.util.concurrent.ScheduledThreadPoolExecutor$ScheduledFutureTask.access$301(Ljava/util/concurrent/ScheduledThreadPoolExecutor$ScheduledFutureTask;)Z+1
j  java.util.concurrent.ScheduledThreadPoolExecutor$ScheduledFutureTask.run()V+37
j  java.util.concurrent.ThreadPoolExecutor.runWorker(Ljava/util/concurrent/ThreadPoolExecutor$Worker;)V+95
j  java.util.concurrent.ThreadPoolExecutor$Worker.run()V+5
j  java.lang.Thread.run()V+11
v  ~StubRoutines::call_stub

---------------  P R O C E S S  ---------------

Java Threads: ( => current thread )
=>0x000000005d0f8800 JavaThread "pool-3-thread-1" [_thread_in_native, id=856, stack(0x0000000061e40000,0x0000000061f40000)]
  0x000000005d0f7800 JavaThread "Swing-Shell" daemon [_thread_blocked, id=4444, stack(0x0000000061920000,0x0000000061a20000)]
  0x000000005d0f6000 JavaThread "SwingWorker-pool-1-thread-2" daemon [_thread_blocked, id=4472, stack(0x0000000061140000,0x0000000061240000)]
  0x000000005f5b1800 JavaThread "D3D Screen Updater" daemon [_thread_blocked, id=4016, stack(0x00000000601c0000,0x00000000602c0000)]
  0x000000005cf92000 JavaThread "Image Fetcher 2" daemon [_thread_blocked, id=3368, stack(0x000000005ebb0000,0x000000005ecb0000)]
  0x000000005cc27000 JavaThread "Image Fetcher 1" daemon [_thread_blocked, id=4216, stack(0x000000005ea40000,0x000000005eb40000)]
  0x000000005c9c7000 JavaThread "Image Fetcher 0" daemon [_thread_blocked, id=4448, stack(0x000000005d700000,0x000000005d800000)]
  0x000000005c96e800 JavaThread "Keep-Alive-Timer" daemon [_thread_blocked, id=5056, stack(0x000000005d4d0000,0x000000005d5d0000)]
  0x000000005c96d800 JavaThread "TimerQueue" daemon [_thread_blocked, id=1900, stack(0x000000005d1c0000,0x000000005d2c0000)]
  0x000000005c96d000 JavaThread "SwingWorker-pool-1-thread-1" daemon [_thread_blocked, id=928, stack(0x000000005d320000,0x000000005d420000)]
  0x00000000021dd800 JavaThread "DestroyJavaVM" [_thread_blocked, id=2332, stack(0x00000000023a0000,0x00000000024a0000)]
  0x00000000593fc000 JavaThread "AWT-EventQueue-0" [_thread_blocked, id=4480, stack(0x000000005a3f0000,0x000000005a4f0000)]
  0x00000000593f9800 JavaThread "AWT-Windows" daemon [_thread_in_native, id=1280, stack(0x000000005a500000,0x000000005a600000)]
  0x00000000593f8000 JavaThread "AWT-Shutdown" [_thread_blocked, id=2856, stack(0x000000005a080000,0x000000005a180000)]
  0x00000000593f7000 JavaThread "Java2D Disposer" daemon [_thread_blocked, id=4044, stack(0x0000000059f80000,0x000000005a080000)]
  0x00000000590d8000 JavaThread "Service Thread" daemon [_thread_blocked, id=2828, stack(0x0000000059490000,0x0000000059590000)]
  0x00000000575ab800 JavaThread "C1 CompilerThread2" daemon [_thread_blocked, id=4592, stack(0x0000000058f90000,0x0000000059090000)]
  0x00000000575aa800 JavaThread "C2 CompilerThread1" daemon [_thread_blocked, id=4908, stack(0x0000000058d60000,0x0000000058e60000)]
  0x00000000575a6000 JavaThread "C2 CompilerThread0" daemon [_thread_blocked, id=4500, stack(0x0000000058c30000,0x0000000058d30000)]
  0x00000000575a5000 JavaThread "Attach Listener" daemon [_thread_blocked, id=4768, stack(0x00000000587d0000,0x00000000588d0000)]
  0x00000000575a2000 JavaThread "Signal Dispatcher" daemon [_thread_blocked, id=4944, stack(0x0000000058a50000,0x0000000058b50000)]
  0x000000005753d800 JavaThread "Finalizer" daemon [_thread_blocked, id=3312, stack(0x0000000058950000,0x0000000058a50000)]
  0x000000005753a800 JavaThread "Reference Handler" daemon [_thread_blocked, id=528, stack(0x00000000584e0000,0x00000000585e0000)]

Other Threads:
  0x0000000057537000 VMThread [stack: 0x0000000058660000,0x0000000058760000] [id=532]
  0x00000000590dc800 WatcherThread [stack: 0x00000000595f0000,0x00000000596f0000] [id=1988]

VM state:not at safepoint (normal execution)

VM Mutex/Monitor currently owned by a thread: None

Heap:
 PSYoungGen      total 35840K, used 28921K [0x00000000d5700000, 0x00000000d7c00000, 0x0000000100000000)
  eden space 33792K, 85% used [0x00000000d5700000,0x00000000d7326590,0x00000000d7800000)
  from space 2048K, 4% used [0x00000000d7a00000,0x00000000d7a18000,0x00000000d7c00000)
  to   space 2048K, 0% used [0x00000000d7800000,0x00000000d7800000,0x00000000d7a00000)
 ParOldGen       total 129536K, used 30789K [0x0000000080400000, 0x0000000088280000, 0x00000000d5700000)
  object space 129536K, 23% used [0x0000000080400000,0x00000000822117e8,0x0000000088280000)
 Metaspace       used 17806K, capacity 18020K, committed 18304K, reserved 1064960K
  class space    used 2346K, capacity 2394K, committed 2432K, reserved 1048576K

Card table byte_map: [0x0000000011b30000,0x0000000011f30000] byte_map_base: 0x000000001172e000

Marking Bits: (ParMarkBitMap*) 0x0000000059ed13b0
 Begin Bits: [0x00000000127d0000, 0x00000000147c0000)
 End Bits:   [0x00000000147c0000, 0x00000000167b0000)

Polling page: 0x0000000000130000

CodeCache: size=245760Kb used=6708Kb max_used=6724Kb free=239051Kb
 bounds [0x0000000002770000, 0x0000000002e10000, 0x0000000011770000]
 total_blobs=2724 nmethods=2141 adapters=495
 compilation: enabled

Compilation events (10 events):
Event: 8.807 Thread 0x00000000575ab800 2139       3       java.awt.event.MouseAdapter::mouseMoved (1 bytes)
Event: 8.807 Thread 0x00000000575ab800 nmethod 2139 0x0000000002df2310 code [0x0000000002df2460, 0x0000000002df25b0]
Event: 8.807 Thread 0x00000000575ab800 2140       3       javax.swing.text.DefaultCaret::mouseMoved (1 bytes)
Event: 8.808 Thread 0x00000000575ab800 nmethod 2140 0x0000000002e01c50 code [0x0000000002e01da0, 0x0000000002e01ef0]
Event: 8.815 Thread 0x00000000575aa800 2141       4       javax.swing.text.BoxView::childAllocation (51 bytes)
Event: 8.816 Thread 0x00000000575aa800 nmethod 2141 0x0000000002e001d0 code [0x0000000002e00320, 0x0000000002e004d8]
Event: 8.844 Thread 0x00000000575ab800 2142       1       java.awt.event.InputEvent::consume (6 bytes)
Event: 8.844 Thread 0x00000000575ab800 nmethod 2142 0x0000000002dfff10 code [0x0000000002e00060, 0x0000000002e00170]
Event: 8.857 Thread 0x00000000575a6000 2143       4       java.awt.Container::getMouseEventTarget (50 bytes)
Event: 8.867 Thread 0x00000000575a6000 nmethod 2143 0x0000000002e06050 code [0x0000000002e06260, 0x0000000002e07328]

GC Heap History (10 events):
Event: 0.919 GC heap before
{Heap before GC invocations=10 (full 0):
 PSYoungGen      total 9728K, used 8437K [0x00000000d5700000, 0x00000000d6700000, 0x0000000100000000)
  eden space 8192K, 100% used [0x00000000d5700000,0x00000000d5f00000,0x00000000d5f00000)
  from space 1536K, 15% used [0x00000000d5f00000,0x00000000d5f3d610,0x00000000d6080000)
  to   space 1536K, 0% used [0x00000000d6580000,0x00000000d6580000,0x00000000d6700000)
 ParOldGen       total 129536K, used 7526K [0x0000000080400000, 0x0000000088280000, 0x00000000d5700000)
  object space 129536K, 5% used [0x0000000080400000,0x0000000080b59b98,0x0000000088280000)
 Metaspace       used 11294K, capacity 11480K, committed 11776K, reserved 1058816K
  class space    used 1418K, capacity 1464K, committed 1536K, reserved 1048576K
Event: 0.920 GC heap after
Heap after GC invocations=10 (full 0):
 PSYoungGen      total 14848K, used 0K [0x00000000d5700000, 0x00000000d6700000, 0x0000000100000000)
  eden space 13312K, 0% used [0x00000000d5700000,0x00000000d5700000,0x00000000d6400000)
  from space 1536K, 0% used [0x00000000d6580000,0x00000000d6580000,0x00000000d6700000)
  to   space 1536K, 0% used [0x00000000d6400000,0x00000000d6400000,0x00000000d6580000)
 ParOldGen       total 129536K, used 7932K [0x0000000080400000, 0x0000000088280000, 0x00000000d5700000)
  object space 129536K, 6% used [0x0000000080400000,0x0000000080bbf3d8,0x0000000088280000)
 Metaspace       used 11294K, capacity 11480K, committed 11776K, reserved 1058816K
  class space    used 1418K, capacity 1464K, committed 1536K, reserved 1048576K
}
Event: 0.962 GC heap before
{Heap before GC invocations=11 (full 0):
 PSYoungGen      total 14848K, used 13312K [0x00000000d5700000, 0x00000000d6700000, 0x0000000100000000)
  eden space 13312K, 100% used [0x00000000d5700000,0x00000000d6400000,0x00000000d6400000)
  from space 1536K, 0% used [0x00000000d6580000,0x00000000d6580000,0x00000000d6700000)
  to   space 1536K, 0% used [0x00000000d6400000,0x00000000d6400000,0x00000000d6580000)
 ParOldGen       total 129536K, used 7932K [0x0000000080400000, 0x0000000088280000, 0x00000000d5700000)
  object space 129536K, 6% used [0x0000000080400000,0x0000000080bbf3d8,0x0000000088280000)
 Metaspace       used 11294K, capacity 11480K, committed 11776K, reserved 1058816K
  class space    used 1418K, capacity 1464K, committed 1536K, reserved 1048576K
Event: 0.962 GC heap after
Heap after GC invocations=11 (full 0):
 PSYoungGen      total 14848K, used 0K [0x00000000d5700000, 0x00000000d6f00000, 0x0000000100000000)
  eden space 13312K, 0% used [0x00000000d5700000,0x00000000d5700000,0x00000000d6400000)
  from space 1536K, 0% used [0x00000000d6400000,0x00000000d6400000,0x00000000d6580000)
  to   space 1536K, 0% used [0x00000000d6d80000,0x00000000d6d80000,0x00000000d6f00000)
 ParOldGen       total 129536K, used 7932K [0x0000000080400000, 0x0000000088280000, 0x00000000d5700000)
  object space 129536K, 6% used [0x0000000080400000,0x0000000080bbf3d8,0x0000000088280000)
 Metaspace       used 11294K, capacity 11480K, committed 11776K, reserved 1058816K
  class space    used 1418K, capacity 1464K, committed 1536K, reserved 1048576K
}
Event: 3.995 GC heap before
{Heap before GC invocations=12 (full 0):
 PSYoungGen      total 14848K, used 13312K [0x00000000d5700000, 0x00000000d6f00000, 0x0000000100000000)
  eden space 13312K, 100% used [0x00000000d5700000,0x00000000d6400000,0x00000000d6400000)
  from space 1536K, 0% used [0x00000000d6400000,0x00000000d6400000,0x00000000d6580000)
  to   space 1536K, 0% used [0x00000000d6d80000,0x00000000d6d80000,0x00000000d6f00000)
 ParOldGen       total 129536K, used 7932K [0x0000000080400000, 0x0000000088280000, 0x00000000d5700000)
  object space 129536K, 6% used [0x0000000080400000,0x0000000080bbf3d8,0x0000000088280000)
 Metaspace       used 14545K, capacity 14698K, committed 14976K, reserved 1062912K
  class space    used 1871K, capacity 1915K, committed 1920K, reserved 1048576K
Event: 3.997 GC heap after
Heap after GC invocations=12 (full 0):
 PSYoungGen      total 22528K, used 1534K [0x00000000d5700000, 0x00000000d7000000, 0x0000000100000000)
  eden space 20992K, 0% used [0x00000000d5700000,0x00000000d5700000,0x00000000d6b80000)
  from space 1536K, 99% used [0x00000000d6d80000,0x00000000d6eff8a0,0x00000000d6f00000)
  to   space 2048K, 0% used [0x00000000d6b80000,0x00000000d6b80000,0x00000000d6d80000)
 ParOldGen       total 129536K, used 7964K [0x0000000080400000, 0x0000000088280000, 0x00000000d5700000)
  object space 129536K, 6% used [0x0000000080400000,0x0000000080bc73d8,0x0000000088280000)
 Metaspace       used 14545K, capacity 14698K, committed 14976K, reserved 1062912K
  class space    used 1871K, capacity 1915K, committed 1920K, reserved 1048576K
}
Event: 4.236 GC heap before
{Heap before GC invocations=13 (full 0):
 PSYoungGen      total 22528K, used 22526K [0x00000000d5700000, 0x00000000d7000000, 0x0000000100000000)
  eden space 20992K, 100% used [0x00000000d5700000,0x00000000d6b80000,0x00000000d6b80000)
  from space 1536K, 99% used [0x00000000d6d80000,0x00000000d6eff8a0,0x00000000d6f00000)
  to   space 2048K, 0% used [0x00000000d6b80000,0x00000000d6b80000,0x00000000d6d80000)
 ParOldGen       total 129536K, used 7964K [0x0000000080400000, 0x0000000088280000, 0x00000000d5700000)
  object space 129536K, 6% used [0x0000000080400000,0x0000000080bc73d8,0x0000000088280000)
 Metaspace       used 14560K, capacity 14698K, committed 14976K, reserved 1062912K
  class space    used 1871K, capacity 1915K, committed 1920K, reserved 1048576K
Event: 4.241 GC heap after
Heap after GC invocations=13 (full 0):
 PSYoungGen      total 23040K, used 829K [0x00000000d5700000, 0x00000000d7c00000, 0x0000000100000000)
  eden space 20992K, 0% used [0x00000000d5700000,0x00000000d5700000,0x00000000d6b80000)
  from space 2048K, 40% used [0x00000000d6b80000,0x00000000d6c4f768,0x00000000d6d80000)
  to   space 2048K, 0% used [0x00000000d7a00000,0x00000000d7a00000,0x00000000d7c00000)
 ParOldGen       total 129536K, used 28644K [0x0000000080400000, 0x0000000088280000, 0x00000000d5700000)
  object space 129536K, 22% used [0x0000000080400000,0x0000000081ff91a0,0x0000000088280000)
 Metaspace       used 14560K, capacity 14698K, committed 14976K, reserved 1062912K
  class space    used 1871K, capacity 1915K, committed 1920K, reserved 1048576K
}
Event: 4.484 GC heap before
{Heap before GC invocations=14 (full 0):
 PSYoungGen      total 23040K, used 21821K [0x00000000d5700000, 0x00000000d7c00000, 0x0000000100000000)
  eden space 20992K, 100% used [0x00000000d5700000,0x00000000d6b80000,0x00000000d6b80000)
  from space 2048K, 40% used [0x00000000d6b80000,0x00000000d6c4f768,0x00000000d6d80000)
  to   space 2048K, 0% used [0x00000000d7a00000,0x00000000d7a00000,0x00000000d7c00000)
 ParOldGen       total 129536K, used 28644K [0x0000000080400000, 0x0000000088280000, 0x00000000d5700000)
  object space 129536K, 22% used [0x0000000080400000,0x0000000081ff91a0,0x0000000088280000)
 Metaspace       used 14677K, capacity 14826K, committed 14976K, reserved 1062912K
  class space    used 1875K, capacity 1915K, committed 1920K, reserved 1048576K
Event: 4.485 GC heap after
Heap after GC invocations=14 (full 0):
 PSYoungGen      total 35840K, used 96K [0x00000000d5700000, 0x00000000d7c00000, 0x0000000100000000)
  eden space 33792K, 0% used [0x00000000d5700000,0x00000000d5700000,0x00000000d7800000)
  from space 2048K, 4% used [0x00000000d7a00000,0x00000000d7a18000,0x00000000d7c00000)
  to   space 2048K, 0% used [0x00000000d7800000,0x00000000d7800000,0x00000000d7a00000)
 ParOldGen       total 129536K, used 30789K [0x0000000080400000, 0x0000000088280000, 0x00000000d5700000)
  object space 129536K, 23% used [0x0000000080400000,0x00000000822117e8,0x0000000088280000)
 Metaspace       used 14677K, capacity 14826K, committed 14976K, reserved 1062912K
  class space    used 1875K, capacity 1915K, committed 1920K, reserved 1048576K
}

Deoptimization events (10 events):
Event: 5.963 Thread 0x00000000593fc000 Uncommon trap: reason=unloaded action=reinterpret pc=0x0000000002905150 method=java.lang.CharacterData.of(I)Ljava/lang/CharacterData; @ 96
Event: 6.381 Thread 0x00000000593fc000 Uncommon trap: reason=class_check action=maybe_recompile pc=0x0000000002b5ec58 method=java.awt.Container.findComponentAtImpl(IIZ)Ljava/awt/Component; @ 76
Event: 6.381 Thread 0x00000000593fc000 Uncommon trap: reason=class_check action=maybe_recompile pc=0x0000000002b5ec58 method=java.awt.Container.findComponentAtImpl(IIZ)Ljava/awt/Component; @ 76
Event: 6.381 Thread 0x00000000593fc000 Uncommon trap: reason=class_check action=maybe_recompile pc=0x0000000002b5ec58 method=java.awt.Container.findComponentAtImpl(IIZ)Ljava/awt/Component; @ 76
Event: 6.382 Thread 0x00000000593fc000 Uncommon trap: reason=class_check action=maybe_recompile pc=0x0000000002b5ec58 method=java.awt.Container.findComponentAtImpl(IIZ)Ljava/awt/Component; @ 76
Event: 8.002 Thread 0x000000005d0fa000 Uncommon trap: reason=null_check action=make_not_entrant pc=0x0000000002dee25c method=com.sun.jna.Native.getNativeSize(Ljava/lang/Class;Ljava/lang/Object;)I @ 83
Event: 8.629 Thread 0x00000000593fc000 Uncommon trap: reason=class_check action=maybe_recompile pc=0x0000000002defa38 method=javax.swing.text.AbstractDocument$AbstractElement.getAttribute(Ljava/lang/Object;)Ljava/lang/Object; @ 26
Event: 8.629 Thread 0x00000000593fc000 Uncommon trap: reason=class_check action=maybe_recompile pc=0x0000000002defa38 method=javax.swing.text.AbstractDocument$AbstractElement.getAttribute(Ljava/lang/Object;)Ljava/lang/Object; @ 26
Event: 8.629 Thread 0x00000000593fc000 Uncommon trap: reason=class_check action=maybe_recompile pc=0x0000000002defa38 method=javax.swing.text.AbstractDocument$AbstractElement.getAttribute(Ljava/lang/Object;)Ljava/lang/Object; @ 26
Event: 8.629 Thread 0x00000000593fc000 Uncommon trap: reason=class_check action=maybe_recompile pc=0x0000000002defa38 method=javax.swing.text.AbstractDocument$AbstractElement.getAttribute(Ljava/lang/Object;)Ljava/lang/Object; @ 26

Internal exceptions (10 events):
Event: 6.027 Thread 0x000000005d0fa000 Exception <a 'java/security/PrivilegedActionException'> (0x00000000d6592b00) thrown at [D:\re\workspace\8-2-build-windows-amd64-cygwin\jdk8u5\2488\hotspot\src\share\vm\prims\jvm.cpp, line 1248]
Event: 7.332 Thread 0x000000005d0fa000 Exception <a 'java/security/PrivilegedActionException'> (0x00000000d660a2f0) thrown at [D:\re\workspace\8-2-build-windows-amd64-cygwin\jdk8u5\2488\hotspot\src\share\vm\prims\jvm.cpp, line 1248]
Event: 7.333 Thread 0x000000005d0fa000 Exception <a 'java/security/PrivilegedActionException'> (0x00000000d662c110) thrown at [D:\re\workspace\8-2-build-windows-amd64-cygwin\jdk8u5\2488\hotspot\src\share\vm\prims\jvm.cpp, line 1248]
Event: 7.472 Thread 0x000000005d0fa000 Exception <a 'java/security/PrivilegedActionException'> (0x00000000d66b3958) thrown at [D:\re\workspace\8-2-build-windows-amd64-cygwin\jdk8u5\2488\hotspot\src\share\vm\prims\jvm.cpp, line 1248]
Event: 7.481 Thread 0x000000005d0fa000 Exception <a 'java/security/PrivilegedActionException'> (0x00000000d6706e58) thrown at [D:\re\workspace\8-2-build-windows-amd64-cygwin\jdk8u5\2488\hotspot\src\share\vm\prims\jvm.cpp, line 1248]
Event: 7.489 Thread 0x000000005d0fa000 Exception <a 'java/security/PrivilegedActionException'> (0x00000000d673d7b0) thrown at [D:\re\workspace\8-2-build-windows-amd64-cygwin\jdk8u5\2488\hotspot\src\share\vm\prims\jvm.cpp, line 1248]
Event: 7.492 Thread 0x000000005d0fa000 Exception <a 'java/security/PrivilegedActionException'> (0x00000000d67a0e70) thrown at [D:\re\workspace\8-2-build-windows-amd64-cygwin\jdk8u5\2488\hotspot\src\share\vm\prims\jvm.cpp, line 1248]
Event: 7.533 Thread 0x000000005d0fa000 Exception <a 'java/security/PrivilegedActionException'> (0x00000000d701b5e8) thrown at [D:\re\workspace\8-2-build-windows-amd64-cygwin\jdk8u5\2488\hotspot\src\share\vm\prims\jvm.cpp, line 1248]
Event: 7.747 Thread 0x000000005d0fa000 Exception <a 'java/security/PrivilegedActionException'> (0x00000000d725b1c0) thrown at [D:\re\workspace\8-2-build-windows-amd64-cygwin\jdk8u5\2488\hotspot\src\share\vm\prims\jvm.cpp, line 1248]
Event: 7.748 Thread 0x000000005d0fa000 Exception <a 'java/security/PrivilegedActionException'> (0x00000000d727e3c8) thrown at [D:\re\workspace\8-2-build-windows-amd64-cygwin\jdk8u5\2488\hotspot\src\share\vm\prims\jvm.cpp, line 1248]

Events (10 events):
Event: 8.629 Thread 0x00000000593fc000 DEOPT UNPACKING pc=0x00000000027b55af sp=0x000000005a4ed208 mode 2
Event: 8.629 Thread 0x00000000593fc000 Uncommon trap: trap_request=0xffffffde fr.pc=0x0000000002defa38
Event: 8.629 Thread 0x00000000593fc000 DEOPT PACKING pc=0x0000000002defa38 sp=0x000000005a4ed1e0
Event: 8.629 Thread 0x00000000593fc000 DEOPT UNPACKING pc=0x00000000027b55af sp=0x000000005a4ed188 mode 2
Event: 8.629 Thread 0x00000000593fc000 Uncommon trap: trap_request=0xffffffde fr.pc=0x0000000002defa38
Event: 8.629 Thread 0x00000000593fc000 DEOPT PACKING pc=0x0000000002defa38 sp=0x000000005a4ed160
Event: 8.629 Thread 0x00000000593fc000 DEOPT UNPACKING pc=0x00000000027b55af sp=0x000000005a4ed108 mode 2
Event: 8.629 Thread 0x00000000593fc000 Uncommon trap: trap_request=0xffffffde fr.pc=0x0000000002defa38
Event: 8.629 Thread 0x00000000593fc000 DEOPT PACKING pc=0x0000000002defa38 sp=0x000000005a4ed0e0
Event: 8.629 Thread 0x00000000593fc000 DEOPT UNPACKING pc=0x00000000027b55af sp=0x000000005a4ed088 mode 2


Dynamic libraries:
0x000000013fd20000 - 0x000000013fd54000 	C:\Program Files\Java\jre8\bin\javaw.exe
0x0000000077400000 - 0x00000000775a9000 	C:\Windows\SYSTEM32\ntdll.dll
0x00000000772e0000 - 0x00000000773ff000 	C:\Windows\system32\kernel32.dll
0x000007fefd4d0000 - 0x000007fefd53c000 	C:\Windows\system32\KERNELBASE.dll
0x000007fefe2a0000 - 0x000007fefe37b000 	C:\Windows\system32\ADVAPI32.dll
0x000007fefe720000 - 0x000007fefe7bf000 	C:\Windows\system32\msvcrt.dll
0x000007feff6f0000 - 0x000007feff70f000 	C:\Windows\SYSTEM32\sechost.dll
0x000007fefd770000 - 0x000007fefd89d000 	C:\Windows\system32\RPCRT4.dll
0x00000000771e0000 - 0x00000000772da000 	C:\Windows\system32\USER32.dll
0x000007fefe6b0000 - 0x000007fefe717000 	C:\Windows\system32\GDI32.dll
0x000007fefdee0000 - 0x000007fefdeee000 	C:\Windows\system32\LPK.dll
0x000007fefe5e0000 - 0x000007fefe6a9000 	C:\Windows\system32\USP10.dll
0x000007fefbb70000 - 0x000007fefbd64000 	C:\Windows\WinSxS\amd64_microsoft.windows.common-controls_6595b64144ccf1df_6.0.7601.17514_none_fa396087175ac9ac\COMCTL32.dll
0x000007feff670000 - 0x000007feff6e1000 	C:\Windows\system32\SHLWAPI.dll
0x000007fefdca0000 - 0x000007fefdcce000 	C:\Windows\system32\IMM32.DLL
0x000007fefe7c0000 - 0x000007fefe8c9000 	C:\Windows\system32\MSCTF.dll
0x0000000062df0000 - 0x0000000062ec2000 	C:\Program Files\Java\jre8\bin\msvcr100.dll
0x0000000059720000 - 0x0000000059f4a000 	C:\Program Files\Java\jre8\bin\server\jvm.dll
0x000007fef6610000 - 0x000007fef6619000 	C:\Windows\system32\WSOCK32.dll
0x000007fefdbb0000 - 0x000007fefdbfd000 	C:\Windows\system32\WS2_32.dll
0x000007fefe8d0000 - 0x000007fefe8d8000 	C:\Windows\system32\NSI.dll
0x000007fefab30000 - 0x000007fefab6b000 	C:\Windows\system32\WINMM.dll
0x00000000775c0000 - 0x00000000775c7000 	C:\Windows\system32\PSAPI.DLL
0x000000006f480000 - 0x000000006f48f000 	C:\Program Files\Java\jre8\bin\verify.dll
0x00000000670e0000 - 0x0000000067108000 	C:\Program Files\Java\jre8\bin\java.dll
0x000000006b530000 - 0x000000006b546000 	C:\Program Files\Java\jre8\bin\zip.dll
0x000007fefe8e0000 - 0x000007feff668000 	C:\Windows\system32\SHELL32.dll
0x000007fefdcd0000 - 0x000007fefded3000 	C:\Windows\system32\ole32.dll
0x000007fefd1c0000 - 0x000007fefd1cf000 	C:\Windows\system32\profapi.dll
0x000000005a230000 - 0x000000005a3c6000 	C:\Program Files\Java\jre8\bin\awt.dll
0x000007fefd8a0000 - 0x000007fefd977000 	C:\Windows\system32\OLEAUT32.dll
0x000007fefb990000 - 0x000007fefb9e6000 	C:\Windows\system32\uxtheme.dll
0x000007fefb560000 - 0x000007fefb578000 	C:\Windows\system32\dwmapi.dll
0x000007fefd0f0000 - 0x000007fefd0ff000 	C:\Windows\system32\CRYPTBASE.dll
0x000007fef7ff0000 - 0x000007fef81ef000 	C:\Windows\system32\d3d9.dll
0x000007fefc300000 - 0x000007fefc30c000 	C:\Windows\system32\VERSION.dll
0x000007fef7fe0000 - 0x000007fef7fe7000 	C:\Windows\system32\d3d8thk.dll
0x000007fee6e20000 - 0x000007fee7f07000 	C:\Windows\system32\nvd3dumx.dll
0x0000000180000000 - 0x0000000180134000 	C:\Windows\system32\nvspcap64.dll
0x000007fefd360000 - 0x000007fefd4cc000 	C:\Windows\system32\CRYPT32.dll
0x000007fefd260000 - 0x000007fefd26f000 	C:\Windows\system32\MSASN1.dll
0x000007fef8c60000 - 0x000007fef8f79000 	C:\Windows\system32\nvapi64.dll
0x000007fefe380000 - 0x000007fefe557000 	C:\Windows\system32\SETUPAPI.dll
0x000007fefd540000 - 0x000007fefd576000 	C:\Windows\system32\CFGMGR32.dll
0x000007fefd320000 - 0x000007fefd33a000 	C:\Windows\system32\DEVOBJ.dll
0x000007fefacd0000 - 0x000007fefacfc000 	C:\Windows\system32\powrprof.dll
0x000007feec700000 - 0x000007feec868000 	C:\Program Files (x86)\NVIDIA Corporation\3D Vision\nvSCPAPI64.dll
0x0000000069810000 - 0x000000006982a000 	C:\Program Files\Java\jre8\bin\net.dll
0x000007fefc980000 - 0x000007fefc9d5000 	C:\Windows\system32\mswsock.dll
0x000007fefcd90000 - 0x000007fefcd97000 	C:\Windows\System32\wship6.dll
0x000007fefc3d0000 - 0x000007fefc3d7000 	C:\Windows\System32\wshtcpip.dll
0x000007fefc810000 - 0x000007fefc86b000 	C:\Windows\system32\DNSAPI.dll
0x000007fefa3f0000 - 0x000007fefa417000 	C:\Windows\system32\IPHLPAPI.DLL
0x000007fefa3e0000 - 0x000007fefa3eb000 	C:\Windows\system32\WINNSI.DLL
0x000007fef57f0000 - 0x000007fef57f8000 	C:\Windows\system32\rasadhlp.dll
0x000007fef9780000 - 0x000007fef97d3000 	C:\Windows\System32\fwpuclnt.dll
0x000007fefc9e0000 - 0x000007fefc9f7000 	C:\Windows\system32\CRYPTSP.dll
0x000007fefc720000 - 0x000007fefc767000 	C:\Windows\system32\rsaenh.dll
0x000007fefc500000 - 0x000007fefc51e000 	C:\Windows\system32\USERENV.dll
0x000007fef9750000 - 0x000007fef9761000 	C:\Windows\system32\dhcpcsvc6.DLL
0x000007fef96d0000 - 0x000007fef96e8000 	C:\Windows\system32\dhcpcsvc.DLL
0x00000000675a0000 - 0x00000000675b1000 	C:\Program Files\Java\jre8\bin\nio.dll
0x00000000670b0000 - 0x00000000670e0000 	C:\Program Files\Java\jre8\bin\jpeg.dll
0x0000000065b00000 - 0x0000000065b3c000 	C:\Program Files\Java\jre8\bin\lcms.dll
0x0000000065ab0000 - 0x0000000065af7000 	C:\Program Files\Java\jre8\bin\fontmanager.dll
0x0000000065a60000 - 0x0000000065aa1000 	C:\Program Files\Java\jre8\bin\t2k.dll
0x000007fefdc00000 - 0x000007fefdc99000 	C:\Windows\system32\CLBCatQ.DLL
0x000007fefb3b0000 - 0x000007fefb511000 	C:\Windows\system32\WindowsCodecs.dll
0x000007fefd090000 - 0x000007fefd0e7000 	C:\Windows\system32\apphelp.dll
0x000007fef0dd0000 - 0x000007fef0dfb000 	C:\Users\George\AppData\Roaming\Dropbox\bin\DropboxExt64.22.dll
0x000007fef0ca0000 - 0x000007fef0dc5000 	C:\Windows\system32\dbghelp.dll
0x0000000071d40000 - 0x0000000071e13000 	C:\Windows\WinSxS\amd64_microsoft.vc90.crt_1fc8b3b9a1e18e3b_9.0.30729.6161_none_08e61857a83bc251\MSVCP90.dll
0x0000000071c90000 - 0x0000000071d33000 	C:\Windows\WinSxS\amd64_microsoft.vc90.crt_1fc8b3b9a1e18e3b_9.0.30729.6161_none_08e61857a83bc251\MSVCR90.dll
0x000007fef2a20000 - 0x000007fef2a55000 	C:\Windows\system32\EhStorShell.dll
0x000007fefb9f0000 - 0x000007fefbb1c000 	C:\Windows\system32\PROPSYS.dll
0x000007fef1ad0000 - 0x000007fef213f000 	C:\PROGRA~1\MICROS~3\Office14\GROOVEEX.DLL
0x0000000071a40000 - 0x0000000071a6f000 	C:\Windows\WinSxS\amd64_microsoft.vc90.atl_1fc8b3b9a1e18e3b_9.0.30729.6161_none_0a1fd3a3a768b895\ATL90.DLL
0x000007fef16b0000 - 0x000007fef1aca000 	C:\PROGRA~1\COMMON~1\MICROS~1\OFFICE14\Cultures\office.odf
0x000007feeef70000 - 0x000007feef7d5000 	C:\PROGRA~1\MICROS~3\Office14\1033\GrooveIntlResource.dll
0x000007fef1600000 - 0x000007fef167e000 	C:\Windows\System32\cscui.dll
0x000007fef15f0000 - 0x000007fef15fc000 	C:\Windows\System32\CSCDLL.dll
0x000007fef2140000 - 0x000007fef214f000 	C:\Windows\system32\CSCAPI.dll
0x000007fef9f00000 - 0x000007fef9f37000 	C:\Users\George\AppData\Local\Temp\jna-George\jna5224642743230648837.dll
0x0000000067080000 - 0x00000000670a9000 	C:\Users\George\workspace\java\resources\vlc\libvlc.dll
0x0000000061240000 - 0x00000000614b1000 	C:\Users\George\workspace\java\resources\vlc\libvlccore.dll
0x00000000588d0000 - 0x0000000058926000 	C:\Users\George\workspace\java\resources\vlc\plugins\access\libdshow_plugin.dll
0x0000000058930000 - 0x0000000058941000 	C:\Users\George\workspace\java\resources\vlc\plugins\audio_output\libdirectsound_plugin.dll
0x00000000672c0000 - 0x00000000672d2000 	C:\Users\George\workspace\java\resources\vlc\plugins\audio_output\libwaveout_plugin.dll
0x0000000058d30000 - 0x0000000058d4b000 	C:\Users\George\workspace\java\resources\vlc\plugins\video_output\libdirectdraw_plugin.dll
0x000007fef8940000 - 0x000007fef89e0000 	C:\Windows\WinSxS\amd64_microsoft.windows.common-controls_6595b64144ccf1df_5.82.7601.18201_none_a4d3b9377117c3df\comctl32.dll
0x000007fefc060000 - 0x000007fefc08d000 	C:\Windows\system32\ntmarta.dll
0x000007fefe1a0000 - 0x000007fefe1f2000 	C:\Windows\system32\WLDAP32.dll
0x000007feeead0000 - 0x000007feeec6c000 	C:\Windows\system32\NetworkExplorer.dll
0x000007fef1420000 - 0x000007fef1454000 	C:\Windows\System32\shdocvw.dll
0x000007fefa670000 - 0x000007fefa67b000 	C:\Windows\system32\slc.dll
0x000007fef2a00000 - 0x000007fef2a18000 	C:\Windows\system32\MPR.dll
0x000007fefb3a0000 - 0x000007fefb3aa000 	C:\Windows\System32\drprov.dll
0x000007fefd010000 - 0x000007fefd04d000 	C:\Windows\System32\WINSTA.dll
0x000007fefa380000 - 0x000007fefa3a2000 	C:\Windows\System32\ntlanman.dll
0x000007fefa360000 - 0x000007fefa37d000 	C:\Windows\System32\davclnt.dll
0x000007fefa350000 - 0x000007fefa35a000 	C:\Windows\System32\DAVHLPR.dll
0x000007fefb240000 - 0x000007fefb255000 	C:\Windows\system32\wkscli.dll
0x000007fefb260000 - 0x000007fefb26c000 	C:\Windows\system32\netutils.dll
0x000007fee8d80000 - 0x000007fee8ff1000 	C:\Windows\system32\wpdshext.dll
0x000007fefb770000 - 0x000007fefb986000 	C:\Windows\WinSxS\amd64_microsoft.windows.gdiplus_6595b64144ccf1df_1.1.7601.18120_none_2b25b14c71ebf230\gdiplus.dll
0x000007fef5560000 - 0x000007fef561d000 	C:\Windows\system32\PortableDeviceApi.dll
0x000007fefd5b0000 - 0x000007fefd5ea000 	C:\Windows\system32\WINTRUST.dll
0x000007fef9f60000 - 0x000007fef9f87000 	C:\Windows\system32\EhStorAPI.dll
0x000007fef1410000 - 0x000007fef141c000 	C:\Windows\system32\LINKINFO.dll
0x000000006f470000 - 0x000000006f477000 	C:\Program Files\Java\jre8\bin\jawt.dll
0x000000005a1b0000 - 0x000000005a1d8000 	C:\Users\George\workspace\java\resources\vlc\plugins\access\libaccess_http_plugin.dll
0x000000005a1f0000 - 0x000000005a20a000 	C:\Users\George\workspace\java\resources\vlc\plugins\stream_filter\libsmooth_plugin.dll
0x000000005a920000 - 0x000000005a9be000 	C:\Users\George\workspace\java\resources\vlc\plugins\stream_filter\libhttplive_plugin.dll
0x0000000060950000 - 0x0000000060a41000 	C:\Users\George\workspace\java\resources\vlc\plugins\stream_filter\libdash_plugin.dll
0x000000005c7f0000 - 0x000000005c818000 	C:\Users\George\workspace\java\resources\vlc\plugins\access\libzip_plugin.dll
0x000000005a3d0000 - 0x000000005a3e5000 	C:\Users\George\workspace\java\resources\vlc\plugins\access\libstream_filter_rar_plugin.dll
0x000000006c190000 - 0x000000006c19e000 	C:\Users\George\workspace\java\resources\vlc\plugins\stream_filter\librecord_plugin.dll
0x000000005c820000 - 0x000000005c857000 	C:\Users\George\workspace\java\resources\vlc\plugins\demux\libmp4_plugin.dll
0x000000005a210000 - 0x000000005a230000 	C:\Users\George\workspace\java\resources\vlc\plugins\demux\libavi_plugin.dll
0x000000005a770000 - 0x000000005a78b000 	C:\Users\George\workspace\java\resources\vlc\plugins\demux\libasf_plugin.dll
0x000000005a9e0000 - 0x000000005a9fe000 	C:\Users\George\workspace\java\resources\vlc\plugins\demux\libflacsys_plugin.dll
0x000000005d160000 - 0x000000005d171000 	C:\Users\George\workspace\java\resources\vlc\plugins\demux\libes_plugin.dll
0x000000005d180000 - 0x000000005d19d000 	C:\Users\George\workspace\java\resources\vlc\plugins\demux\libmpc_plugin.dll
0x000000006b0b0000 - 0x000000006b0bf000 	C:\Users\George\workspace\java\resources\vlc\plugins\demux\libtta_plugin.dll
0x0000000065ea0000 - 0x0000000065eb0000 	C:\Users\George\workspace\java\resources\vlc\plugins\demux\libnuv_plugin.dll
0x0000000065a50000 - 0x0000000065a5f000 	C:\Users\George\workspace\java\resources\vlc\plugins\demux\libwav_plugin.dll
0x0000000060c50000 - 0x0000000060d7a000 	C:\Users\George\workspace\java\resources\vlc\plugins\demux\libsid_plugin.dll
0x000000005d2c0000 - 0x000000005d2e9000 	C:\Users\George\workspace\java\resources\vlc\plugins\services_discovery\libsap_plugin.dll

VM Arguments:
jvm_args: -Dfile.encoding=Cp1252 
java_command: View.MainNew
java_class_path (initial): C:\Users\George\workspace\java\bin;C:\Users\George\workspace\java\resources\mysql-connector-java-5.1.30.jar;C:\Users\George\workspace\java\resources\vlcj-3.0.1\jna-3.5.2.jar;C:\Users\George\workspace\java\resources\vlcj-3.0.1\platform-3.5.2.jar;C:\Users\George\workspace\java\resources\vlcj-3.0.1\vlcj-3.0.1.jar;C:\Users\George\workspace\java\resources\vlcj-3.0.1\vlcj-3.0.1-test-sources.jar;C:\Users\George\workspace\java\resources\vlcj-3.0.1\vlcj-3.0.1-tests.jar;C:\Users\George\workspace\java\resources\vlcj-3.0.1\vlcj-3.0.1-javadoc.jar;C:\Users\George\workspace\java\resources\commons-net-3.3\commons-net-3.3.jar;C:\Users\George\workspace\java\resources
Launcher Type: SUN_STANDARD

Environment Variables:
PATH=C:\Users\George\bin\Sencha\Cmd\4.0.2.67;C:\Program Files (x86)\NVIDIA Corporation\PhysX\Common;C:\Windows\system32;C:\Windows;C:\Windows\System32\Wbem;C:\Windows\System32\WindowsPowerShell\v1.0\
USERNAME=George
OS=Windows_NT
PROCESSOR_IDENTIFIER=Intel64 Family 6 Model 42 Stepping 7, GenuineIntel



---------------  S Y S T E M  ---------------

OS: Windows 7 , 64 bit Build 7601 Service Pack 1

CPU:total 4 (4 cores per cpu, 1 threads per core) family 6 model 42 stepping 7, cmov, cx8, fxsr, mmx, sse, sse2, sse3, ssse3, sse4.1, sse4.2, popcnt, avx, aes, clmul, tsc, tscinvbit

Memory: 4k page, physical 8371640k(5036056k free), swap 16741416k(12725488k free)

vm_info: Java HotSpot(TM) 64-Bit Server VM (25.5-b02) for windows-amd64 JRE (1.8.0_05-b13), built on Mar 18 2014 01:08:39 by "java_re" with MS VC++ 10.0 (VS2010)

time: Sat May 17 11:04:36 2014
elapsed time: 9 seconds

